{"C:\\Users\\DELL53\\Desktop\\Microverse\\to-do\\src\\fucntions.js": {"path":"C:\\Users\\DELL53\\Desktop\\Microverse\\to-do\\src\\fucntions.js","statementMap":{"0":{"start":{"line":6,"column":4},"end":{"line":6,"column":23}},"1":{"start":{"line":7,"column":4},"end":{"line":7,"column":35}},"2":{"start":{"line":8,"column":4},"end":{"line":8,"column":31}},"3":{"start":{"line":9,"column":4},"end":{"line":9,"column":23}},"4":{"start":{"line":13,"column":4},"end":{"line":13,"column":68}},"5":{"start":{"line":14,"column":4},"end":{"line":14,"column":25}},"6":{"start":{"line":18,"column":4},"end":{"line":18,"column":65}},"7":{"start":{"line":22,"column":17},"end":{"line":26,"column":5}},"8":{"start":{"line":28,"column":4},"end":{"line":28,"column":38}},"9":{"start":{"line":29,"column":4},"end":{"line":29,"column":29}},"10":{"start":{"line":30,"column":4},"end":{"line":30,"column":22}},"11":{"start":{"line":34,"column":4},"end":{"line":34,"column":20}},"12":{"start":{"line":35,"column":4},"end":{"line":35,"column":38}},"13":{"start":{"line":36,"column":4},"end":{"line":43,"column":5}},"14":{"start":{"line":36,"column":17},"end":{"line":36,"column":18}},"15":{"start":{"line":37,"column":6},"end":{"line":42,"column":7}},"16":{"start":{"line":38,"column":8},"end":{"line":41,"column":11}},"17":{"start":{"line":39,"column":10},"end":{"line":39,"column":56}},"18":{"start":{"line":40,"column":10},"end":{"line":40,"column":28}},"19":{"start":{"line":47,"column":4},"end":{"line":47,"column":26}},"20":{"start":{"line":48,"column":4},"end":{"line":48,"column":38}},"21":{"start":{"line":49,"column":4},"end":{"line":49,"column":77}},"22":{"start":{"line":49,"column":51},"end":{"line":49,"column":75}},"23":{"start":{"line":50,"column":4},"end":{"line":50,"column":22}},"24":{"start":{"line":54,"column":4},"end":{"line":54,"column":38}},"25":{"start":{"line":55,"column":4},"end":{"line":55,"column":70}},"26":{"start":{"line":55,"column":51},"end":{"line":55,"column":68}},"27":{"start":{"line":56,"column":4},"end":{"line":56,"column":22}}},"fnMap":{"0":{"name":"(anonymous_0)","decl":{"start":{"line":5,"column":2},"end":{"line":5,"column":3}},"loc":{"start":{"line":5,"column":45},"end":{"line":10,"column":3}},"line":5},"1":{"name":"(anonymous_1)","decl":{"start":{"line":12,"column":2},"end":{"line":12,"column":3}},"loc":{"start":{"line":12,"column":15},"end":{"line":15,"column":3}},"line":12},"2":{"name":"(anonymous_2)","decl":{"start":{"line":17,"column":2},"end":{"line":17,"column":3}},"loc":{"start":{"line":17,"column":15},"end":{"line":19,"column":3}},"line":17},"3":{"name":"(anonymous_3)","decl":{"start":{"line":21,"column":2},"end":{"line":21,"column":3}},"loc":{"start":{"line":21,"column":12},"end":{"line":31,"column":3}},"line":21},"4":{"name":"(anonymous_4)","decl":{"start":{"line":33,"column":2},"end":{"line":33,"column":3}},"loc":{"start":{"line":33,"column":23},"end":{"line":44,"column":3}},"line":33},"5":{"name":"(anonymous_5)","decl":{"start":{"line":38,"column":40},"end":{"line":38,"column":41}},"loc":{"start":{"line":38,"column":47},"end":{"line":41,"column":9}},"line":38},"6":{"name":"(anonymous_6)","decl":{"start":{"line":46,"column":2},"end":{"line":46,"column":3}},"loc":{"start":{"line":46,"column":31},"end":{"line":51,"column":3}},"line":46},"7":{"name":"(anonymous_7)","decl":{"start":{"line":49,"column":41},"end":{"line":49,"column":42}},"loc":{"start":{"line":49,"column":51},"end":{"line":49,"column":75}},"line":49},"8":{"name":"(anonymous_8)","decl":{"start":{"line":53,"column":2},"end":{"line":53,"column":3}},"loc":{"start":{"line":53,"column":23},"end":{"line":57,"column":3}},"line":53},"9":{"name":"(anonymous_9)","decl":{"start":{"line":55,"column":41},"end":{"line":55,"column":42}},"loc":{"start":{"line":55,"column":51},"end":{"line":55,"column":68}},"line":55}},"branchMap":{"0":{"loc":{"start":{"line":13,"column":20},"end":{"line":13,"column":67}},"type":"binary-expr","locations":[{"start":{"line":13,"column":20},"end":{"line":13,"column":61}},{"start":{"line":13,"column":65},"end":{"line":13,"column":67}}],"line":13},"1":{"loc":{"start":{"line":37,"column":6},"end":{"line":42,"column":7}},"type":"if","locations":[{"start":{"line":37,"column":6},"end":{"line":42,"column":7}},{"start":{},"end":{}}],"line":37}},"s":{"0":4,"1":4,"2":4,"3":4,"4":2,"5":2,"6":4,"7":0,"8":0,"9":0,"10":0,"11":0,"12":0,"13":0,"14":0,"15":0,"16":0,"17":0,"18":0,"19":0,"20":0,"21":0,"22":0,"23":0,"24":0,"25":0,"26":0,"27":0},"f":{"0":4,"1":2,"2":4,"3":0,"4":0,"5":0,"6":0,"7":0,"8":0,"9":0},"b":{"0":[2,1],"1":[0,0]},"_coverageSchema":"1a1c01bbd47fc00a2c39e90264f33305004495a9","hash":"6f3ecfc9f78a5da3eff69f46bb8b87b595dc5a94"}
,"C:\\Users\\DELL53\\Desktop\\Microverse\\to-do\\tests\\addDeleteItem.js": {"path":"C:\\Users\\DELL53\\Desktop\\Microverse\\to-do\\tests\\addDeleteItem.js","statementMap":{"0":{"start":{"line":6,"column":18},"end":{"line":59,"column":1}},"1":{"start":{"line":8,"column":17},"end":{"line":8,"column":45}},"2":{"start":{"line":9,"column":18},"end":{"line":13,"column":5}},"3":{"start":{"line":14,"column":4},"end":{"line":14,"column":38}},"4":{"start":{"line":15,"column":4},"end":{"line":15,"column":30}},"5":{"start":{"line":16,"column":4},"end":{"line":16,"column":22}},"6":{"start":{"line":17,"column":4},"end":{"line":17,"column":32}},"7":{"start":{"line":21,"column":17},"end":{"line":21,"column":28}},"8":{"start":{"line":22,"column":4},"end":{"line":33,"column":6}},"9":{"start":{"line":34,"column":4},"end":{"line":34,"column":70}},"10":{"start":{"line":34,"column":51},"end":{"line":34,"column":68}},"11":{"start":{"line":35,"column":4},"end":{"line":35,"column":22}},"12":{"start":{"line":36,"column":4},"end":{"line":36,"column":32}},"13":{"start":{"line":40,"column":17},"end":{"line":40,"column":28}},"14":{"start":{"line":41,"column":4},"end":{"line":41,"column":38}},"15":{"start":{"line":42,"column":4},"end":{"line":53,"column":6}},"16":{"start":{"line":54,"column":4},"end":{"line":54,"column":26}},"17":{"start":{"line":55,"column":4},"end":{"line":55,"column":77}},"18":{"start":{"line":55,"column":51},"end":{"line":55,"column":75}},"19":{"start":{"line":56,"column":4},"end":{"line":56,"column":22}},"20":{"start":{"line":57,"column":4},"end":{"line":57,"column":32}}},"fnMap":{"0":{"name":"(anonymous_0)","decl":{"start":{"line":7,"column":2},"end":{"line":7,"column":3}},"loc":{"start":{"line":7,"column":12},"end":{"line":18,"column":3}},"line":7},"1":{"name":"(anonymous_1)","decl":{"start":{"line":20,"column":2},"end":{"line":20,"column":3}},"loc":{"start":{"line":20,"column":23},"end":{"line":37,"column":3}},"line":20},"2":{"name":"(anonymous_2)","decl":{"start":{"line":34,"column":41},"end":{"line":34,"column":42}},"loc":{"start":{"line":34,"column":51},"end":{"line":34,"column":68}},"line":34},"3":{"name":"(anonymous_3)","decl":{"start":{"line":39,"column":2},"end":{"line":39,"column":3}},"loc":{"start":{"line":39,"column":31},"end":{"line":58,"column":3}},"line":39},"4":{"name":"(anonymous_4)","decl":{"start":{"line":55,"column":41},"end":{"line":55,"column":42}},"loc":{"start":{"line":55,"column":51},"end":{"line":55,"column":75}},"line":55}},"branchMap":{},"s":{"0":1,"1":1,"2":1,"3":1,"4":1,"5":1,"6":1,"7":2,"8":2,"9":2,"10":4,"11":2,"12":2,"13":1,"14":1,"15":1,"16":1,"17":1,"18":2,"19":1,"20":1},"f":{"0":1,"1":2,"2":4,"3":1,"4":2},"b":{},"_coverageSchema":"1a1c01bbd47fc00a2c39e90264f33305004495a9","hash":"528964f0b7ffa237ee86659178fe2c3095b36b21"}
}
