TN:
SF:src\fucntions.js
FN:5,(anonymous_0)
FN:12,(anonymous_1)
FN:17,(anonymous_2)
FN:21,(anonymous_3)
FN:33,(anonymous_4)
FN:38,(anonymous_5)
FN:46,(anonymous_6)
FN:49,(anonymous_7)
FN:53,(anonymous_8)
FN:55,(anonymous_9)
FNF:10
FNH:3
FNDA:3,(anonymous_0)
FNDA:2,(anonymous_1)
FNDA:4,(anonymous_2)
FNDA:0,(anonymous_3)
FNDA:0,(anonymous_4)
FNDA:0,(anonymous_5)
FNDA:0,(anonymous_6)
FNDA:0,(anonymous_7)
FNDA:0,(anonymous_8)
FNDA:0,(anonymous_9)
DA:6,3
DA:7,3
DA:8,3
DA:9,3
DA:13,2
DA:14,2
DA:18,4
DA:22,0
DA:28,0
DA:29,0
DA:30,0
DA:34,0
DA:35,0
DA:36,0
DA:37,0
DA:38,0
DA:39,0
DA:40,0
DA:47,0
DA:48,0
DA:49,0
DA:50,0
DA:54,0
DA:55,0
DA:56,0
LF:25
LH:7
BRDA:13,0,0,2
BRDA:13,0,1,2
BRDA:37,1,0,0
BRDA:37,1,1,0
BRF:4
BRH:2
end_of_record
TN:
SF:tests\addItem.js
FN:6,addItem
FNF:1
FNH:1
FNDA:1,addItem
DA:7,1
DA:8,1
DA:13,1
DA:14,1
DA:15,1
DA:16,1
LF:6
LH:6
BRF:0
BRH:0
end_of_record
TN:
SF:tests\delSingleItem.js
FN:8,deleteSingleItem
FN:21,(anonymous_1)
FNF:2
FNH:2
FNDA:2,deleteSingleItem
FNDA:4,(anonymous_1)
DA:6,1
DA:9,2
DA:21,4
DA:22,2
DA:23,2
LF:5
LH:5
BRF:0
BRH:0
end_of_record
TN:
SF:tests\deleteItem.js
FN:8,deleteAllCheckedItems
FN:23,(anonymous_1)
FNF:2
FNH:2
FNDA:1,deleteAllCheckedItems
FNDA:2,(anonymous_1)
DA:6,1
DA:9,1
DA:10,1
DA:22,1
DA:23,2
DA:24,1
DA:25,1
LF:7
LH:7
BRF:0
BRH:0
end_of_record
